{
  message: 'Listening on port 3000',
  level: 'info',
  timestamp: 'Feb-27-2023 08:46:14'
}
{
  message: 'Listening on port 3000',
  level: 'info',
  timestamp: 'Feb-27-2023 08:49:48'
}
{
  message: 'Listening on port 3000',
  level: 'info',
  timestamp: 'Feb-27-2023 08:51:09'
}
{
  message: 'Listening on port 3000',
  level: 'info',
  timestamp: 'Feb-27-2023 08:51:15'
}
{
  message: 'Listening on port 3000',
  level: 'info',
  timestamp: 'Feb-27-2023 08:57:43'
}
{
  message: 'Listening on port 3000',
  level: 'info',
  timestamp: 'Feb-27-2023 08:59:48'
}
{
  message: 'Listening on port 3000',
  level: 'info',
  timestamp: 'Feb-27-2023 09:00:54'
}
{
  message: 'Listening on port 3000',
  level: 'info',
  timestamp: 'Feb-27-2023 09:03:44'
}
{
  message: 'Listening on port 3000',
  level: 'info',
  timestamp: 'Feb-27-2023 09:04:27'
}
{
  message: 'Listening on port 3000',
  level: 'info',
  timestamp: 'Feb-27-2023 09:06:18'
}
{
  message: 'Listening on port 3000',
  level: 'info',
  timestamp: 'Feb-27-2023 09:16:33'
}
{
  message: 'Listening on port 3000',
  level: 'info',
  timestamp: 'Feb-27-2023 09:21:36'
}
{
  message: 'Listening on port 3000',
  level: 'info',
  timestamp: 'Feb-27-2023 09:22:10'
}
{
  message: 'Listening on port 3000',
  level: 'info',
  timestamp: 'Feb-27-2023 09:24:31'
}
{
  message: 'Listening on port 3000',
  level: 'info',
  timestamp: 'Feb-27-2023 09:25:49'
}
{
  message: 'Listening on port 3000',
  level: 'info',
  timestamp: 'Feb-27-2023 09:26:37'
}
{
  message: 'Listening on port 3000',
  level: 'info',
  timestamp: 'Feb-27-2023 09:27:22'
}
{
  message: 'Listening on port 3000',
  level: 'info',
  timestamp: 'Feb-27-2023 09:28:34'
}
{
  message: 'Listening on port 3000',
  level: 'info',
  timestamp: 'Feb-27-2023 09:29:10'
}
{
  message: 'Listening on port 3000',
  level: 'info',
  timestamp: 'Feb-27-2023 09:31:35'
}
{
  message: 'Listening on port 3000',
  level: 'info',
  timestamp: 'Feb-27-2023 09:32:33'
}
{
  message: 'Listening on port 3000',
  level: 'info',
  timestamp: 'Feb-27-2023 09:37:18'
}
{
  message: 'Listening on port 3000',
  level: 'info',
  timestamp: 'Feb-27-2023 09:37:40'
}
{
  message: 'Listening on port 3000',
  level: 'info',
  timestamp: 'Feb-27-2023 09:52:31'
}
{
  message: 'Listening on port 3000',
  level: 'info',
  timestamp: 'Feb-27-2023 09:55:41'
}
{
  message: 'Listening on port 3000',
  level: 'info',
  timestamp: 'Feb-27-2023 09:56:15'
}
{
  message: 'Listening on port 3000',
  level: 'info',
  timestamp: 'Feb-27-2023 09:56:38'
}
{
  message: 'Listening on port 3000',
  level: 'info',
  timestamp: 'Feb-27-2023 09:56:52'
}
{
  message: 'Listening on port 3000',
  level: 'info',
  timestamp: 'Feb-27-2023 09:56:56'
}
{
  message: 'Listening on port 3000',
  level: 'info',
  timestamp: 'Feb-27-2023 09:58:19'
}
{
  message: 'Listening on port 3000',
  level: 'info',
  timestamp: 'Feb-27-2023 09:58:36'
}
{
  message: 'Listening on port 3000',
  level: 'info',
  timestamp: 'Feb-27-2023 09:58:52'
}
{
  message: 'Listening on port 3000',
  level: 'info',
  timestamp: 'Feb-27-2023 10:00:03'
}
{
  message: 'route > login',
  level: 'debug',
  timestamp: 'Feb-27-2023 10:01:09'
}
{
  message: 'controller > doLogin',
  level: 'debug',
  timestamp: 'Feb-27-2023 10:01:09'
}
{
  message: 'Listening on port 3000',
  level: 'info',
  timestamp: 'Feb-27-2023 10:04:47'
}
{
  message: 'Listening on port 5000',
  level: 'info',
  timestamp: 'Feb-27-2023 15:43:41'
}
{
  message: 'route > login',
  level: 'debug',
  timestamp: 'Feb-27-2023 15:43:59'
}
{
  message: 'controller > doLogin',
  level: 'debug',
  timestamp: 'Feb-27-2023 15:43:59'
}
